Sprawdzanie segmentów IPC po zakończeniu procesów...

------ Shared Memory Segments --------
key        shmid      owner      perms      bytes      nattch     status      
0x50000979 19529736   antosiewic 666        24         0                       
0x0000162e 19431445   ciesla.bar 666        24         4                       
0x53000913 18939930   michalczak 666        24         0                       
0x00000000 2981918    ciesla.bar 666        4          0                       
0xffffffff 19103775   wachowicz. 666        20         0                       
0x00000000 2981920    ciesla.bar 666        4          0                       
0x00000000 2981921    ciesla.bar 666        4          0                       
0x00000000 19529763   bobel.kacp 666        284        3          dest         
0x00000000 19529764   bobel.kacp 666        284        3          dest         
0x000004d2 19529765   janik.kami 666        4832       1                       
0x000004d3 19529766   janik.kami 666        4832       0                       
0x00000000 2261032    ciesla.bar 666        4          0                       
0x00000030 16449581   janus.luka 666        28         0                       
0x420008f2 19398702   zajac.jaku 666        48         0                       
0x00000000 2261045    ciesla.bar 666        4          0                       
0x00000000 2261046    ciesla.bar 666        4          0                       
0x00000000 2261047    ciesla.bar 666        4          0                       


------ Message Queues --------
key        msqid      owner      perms      used-bytes   messages    
0x50000979 1376259    antosiewic 666        0            0           
0x410007b9 131080     ciesielczy 666        0            0           
0x53000913 851977     michalczak 666        0            0           
0x410008f2 1277962    zajac.jaku 666        40           10          
0x000004d2 1277997    ciesla.bar 666        15888        846         


------ Semaphore Arrays --------
key        semid      owner      perms      nsems     
0x50000979 1179652    antosiewic 666        1         
0x4b000832 1081355    lesniak.sy 666        1         
0x430008f2 1081357    zajac.jaku 666        1         
0x0000002f 720917     janus.luka 666        5         
0x0000162e 1179675    janik.kami 666        1         
0x53000913 851998     michalczak 666        1         
0xffffffff 983084     wachowicz. 666        1         

