[kasjer] Thu Jan 30 13:54:41 2025
 - Kasjer uruchomiony, gotowy do sprzedaży biletów.
[kasjer] Thu Jan 30 13:54:46 2025
 - Otrzymano zgłoszenie: 
[kasjer] Thu Jan 30 13:54:46 2025
 - Pasażer o PID 2106819 prosi o bilet
[kasjer] Thu Jan 30 13:54:46 2025
 - Pasażer przyjęty na statek 2, zapłacił 10 zł. Miejsca: 14.
[kasjer] Thu Jan 30 13:54:48 2025
 - Otrzymano zgłoszenie: 
[kasjer] Thu Jan 30 13:54:48 2025
 - Pasażer o PID 2106843 prosi o bilet
[kasjer] Thu Jan 30 13:54:48 2025
 - Pasażer przyjęty na statek 2, zapłacił 10 zł. Miejsca: 13.
[kasjer] Thu Jan 30 13:54:50 2025
 - Otrzymano zgłoszenie: 
[kasjer] Thu Jan 30 13:54:50 2025
 - Pasażer o PID 2106857 prosi o bilet
[kasjer] Thu Jan 30 13:54:50 2025
 - Pasażer przyjęty na statek 2, zapłacił 10 zł. Miejsca: 12.
[kasjer] Thu Jan 30 13:54:52 2025
 - Otrzymano zgłoszenie: 
[kasjer] Thu Jan 30 13:54:52 2025
 - Pasażer o PID 2106866 prosi o bilet
[kasjer] Thu Jan 30 13:54:52 2025
 - Pasażer przyjęty na statek 2, zapłacił 10 zł. Miejsca: 11.
[kasjer] Thu Jan 30 13:54:54 2025
 - Otrzymano zgłoszenie: 
[kasjer] Thu Jan 30 13:54:54 2025
 - Pasażer o PID 2106876 prosi o bilet
[kasjer] Thu Jan 30 13:54:54 2025
 - Pasażer przyjęty na statek 2, zapłacił 10 zł. Miejsca: 10.
